[debug] [2020-12-19T14:21:05.328Z] ----------------------------------------------------------------------
[debug] [2020-12-19T14:21:05.330Z] Command:       C:\Program Files\nodejs\node.exe C:\Program Files\nodejs\node_modules\firebase-tools\lib\bin\firebase.js emulators:start
[debug] [2020-12-19T14:21:05.331Z] CLI Version:   9.0.1
[debug] [2020-12-19T14:21:05.331Z] Platform:      win32
[debug] [2020-12-19T14:21:05.331Z] Node Version:  v14.15.0
[debug] [2020-12-19T14:21:05.332Z] Time:          Sat Dec 19 2020 21:21:05 GMT+0700 (Indochina Time)
[debug] [2020-12-19T14:21:05.332Z] ----------------------------------------------------------------------
[debug] [2020-12-19T14:21:05.332Z] 
[debug] [2020-12-19T14:21:05.340Z] > command requires scopes: ["email","openid","https://www.googleapis.com/auth/cloudplatformprojects.readonly","https://www.googleapis.com/auth/firebase","https://www.googleapis.com/auth/cloud-platform"]
[debug] [2020-12-19T14:21:05.340Z] > authorizing via signed-in user
[info] i  emulators: Starting emulators: auth, hosting {"metadata":{"emulator":{"name":"hub"},"message":"Starting emulators: auth, hosting"}}
[debug] [2020-12-19T14:21:05.365Z] [hub] writing locator at C:\Users\hiepx\AppData\Local\Temp\hub-awready-beta.json
[debug] [2020-12-19T14:21:08.132Z] >>> HTTP REQUEST GET https://firebase.googleapis.com/v1beta1/projects/awready-beta/webApps/-/config  
 
[debug] [2020-12-19T14:21:09.699Z] <<< HTTP RESPONSE 200 {"content-type":"application/json; charset=UTF-8","vary":"X-Origin, Referer, Origin,Accept-Encoding","date":"Sat, 19 Dec 2020 14:21:09 GMT","server":"ESF","cache-control":"private","x-xss-protection":"0","x-frame-options":"SAMEORIGIN","x-content-type-options":"nosniff","alt-svc":"h3-29=\":443\"; ma=2592000,h3-T051=\":443\"; ma=2592000,h3-Q050=\":443\"; ma=2592000,h3-Q046=\":443\"; ma=2592000,h3-Q043=\":443\"; ma=2592000,quic=\":443\"; ma=2592000; v=\"46,43\"","accept-ranges":"none","transfer-encoding":"chunked"}
[info] i  hosting: Serving hosting files from: public {"metadata":{"emulator":{"name":"hosting"},"message":"Serving hosting files from: \u001b[1mpublic\u001b[22m"}}
[info] +  hosting: Local server: http://localhost:5000 {"metadata":{"emulator":{"name":"hosting"},"message":"Local server: \u001b[4m\u001b[1mhttp://localhost:5000\u001b[22m\u001b[24m"}}
[info] i  ui: downloading ui-v1.4.0.zip... {"metadata":{"emulator":{"name":"ui"},"message":"downloading ui-v1.4.0.zip..."}}
[debug] [2020-12-19T14:21:09.731Z] >>> [apiv2][query] GET https://storage.googleapis.com/firebase-preview-drop/emulator/ui-v1.4.0.zip [none]
[debug] [2020-12-19T14:21:10.042Z] <<< [apiv2][status] GET https://storage.googleapis.com/firebase-preview-drop/emulator/ui-v1.4.0.zip 200
[debug] [2020-12-19T14:21:10.042Z] <<< [apiv2][body] GET https://storage.googleapis.com/firebase-preview-drop/emulator/ui-v1.4.0.zip [stream]
[info] i  ui: Removing outdated emulator files: ui-v1.1.1 {"metadata":{"emulator":{"name":"ui"},"message":"Removing outdated emulator files: ui-v1.1.1"}}
[info] i  ui: Removing outdated emulator files: ui-v1.1.1.zip {"metadata":{"emulator":{"name":"ui"},"message":"Removing outdated emulator files: ui-v1.1.1.zip"}}
[debug] [2020-12-19T14:21:12.612Z] Ignoring unsupported arg: auto_download {"metadata":{"emulator":{"name":"ui"},"message":"Ignoring unsupported arg: auto_download"}}
[debug] [2020-12-19T14:21:12.612Z] Ignoring unsupported arg: port {"metadata":{"emulator":{"name":"ui"},"message":"Ignoring unsupported arg: port"}}
[debug] [2020-12-19T14:21:12.612Z] Starting Emulator UI with command {"binary":"node","args":["C:\\Users\\hiepx\\.cache\\firebase\\emulators\\ui-v1.4.0\\server.bundle.js"],"optionalArgs":[],"joinArgs":false} {"metadata":{"emulator":{"name":"ui"},"message":"Starting Emulator UI with command {\"binary\":\"node\",\"args\":[\"C:\\\\Users\\\\hiepx\\\\.cache\\\\firebase\\\\emulators\\\\ui-v1.4.0\\\\server.bundle.js\"],\"optionalArgs\":[],\"joinArgs\":false}"}}
[info] i  ui: Emulator UI logging to ui-debug.log {"metadata":{"emulator":{"name":"ui"},"message":"Emulator UI logging to \u001b[1mui-debug.log\u001b[22m"}}
[debug] [2020-12-19T14:21:12.747Z] Web / API server started at http://localhost:4000
 {"metadata":{"emulator":{"name":"ui"},"message":"Web / API server started at http://localhost:4000\n"}}
[info] 
┌─────────────────────────────────────────────────────────────┐
│ ✔  All emulators ready! It is now safe to connect your app. │
│ i  View Emulator UI at http://localhost:4000                │
└─────────────────────────────────────────────────────────────┘

┌────────────────┬────────────────┬────────────────────────────┐
│ Emulator       │ Host:Port      │ View in Emulator UI        │
├────────────────┼────────────────┼────────────────────────────┤
│ Authentication │ localhost:9099 │ http://localhost:4000/auth │
├────────────────┼────────────────┼────────────────────────────┤
│ Hosting        │ localhost:5000 │ n/a                        │
└────────────────┴────────────────┴────────────────────────────┘
  Emulator Hub running at localhost:4400
  Other reserved ports: 4500

Issues? Report them at https://github.com/firebase/firebase-tools/issues and attach the *-debug.log files.
 
